Save repository element : prueba : Creation of initial version
Creating database: MariaDB
Save repository element : MariaDB : Creation of initial version
Updating database connection   {0} 
Save repository element : ASIO : Modification by user
Updating database connection   {0} 
Save repository element : MariaDB : Modification by user
Updating database connection   {0} 
Save repository element : Database_Source : Modification by user
Updating database connection   {0} 
Save repository element : Database_Target : Modification by user
Updating database connection   {0} 
Save repository element : Database_Target : Modification by user
Save database : Modification by user
Save repository element : Database_Master : Modification by user
Save database : Modification by user
Save repository element : Database_Master : Modification by user
Save database : Modification by user
Save repository element : Database_Master : Modification by user
Save database : Modification by user
Save repository element : Database_Master : Modification by user
Save database : Modification by user
Save repository element : Database_Master : Modification by user
Save database : Modification by user
Save repository element : Database_Master : Modification by user
Save database : Modification by user
Save repository element : Database_Master : Modification by user
Save database : Modification by user
Save repository element : Database_Master : Modification by user
Save database : Modification by user
Save repository element : Database_Master : Modification by user
Save database : Modification by user
Save repository element : Database_Master : Modification by user
Save database : Modification by user
Save repository element : Database_Master : Modification by user
Save database : Modification by user
Save repository element : Database_Master : Modification by user
Save database : Modification by user
Save repository element : Database_Source : Modification by user
Save database : Modification by user
Save repository element : Database_Source : Modification by user
Save database : Modification by user
Save repository element : Database_Master : Modification by user
Save database : Modification by user
Save repository element : Database_Master : Modification by user
Save database : Modification by user
Save repository element : Database_Master : Modification by user
Save database : Modification by user
Save repository element : Database_Master : Modification by user
Save database : Modification by user
Save repository element : Database_Master : Modification by user
Save database : Modification by user
Save repository element : Database_Master : Modification by user
Save database : Modification by user
Save repository element : Database_Master : Modification by user
Save database : Modification by user
Save repository element : Database_Master : Modification by user
Save database : Modification by user
Save repository element : Database_CVN : Modification by user
Save database : Modification by user
Save repository element : Database_CVN : Modification by user
Save database : Modification by user
Save repository element : Database_CVN : Modification by user
